This file contains any messages produced by compilers while
running configure, to aid debugging if configure makes a mistake.

It was created by sqlite configure 3.26.0, which was
generated by GNU Autoconf 2.69.  Invocation command line was

  $ ./configure --enable-debug --enable-fts5

## --------- ##
## Platform. ##
## --------- ##

hostname = bunga
uname -m = x86_64
uname -r = 6.11.0-25-generic
uname -s = Linux
uname -v = #25~24.04.1-Ubuntu SMP PREEMPT_DYNAMIC Tue Apr 15 17:20:50 UTC 2

/usr/bin/uname -p = x86_64
/bin/uname -X     = unknown

/bin/arch              = x86_64
/usr/bin/arch -k       = unknown
/usr/convex/getsysinfo = unknown
/usr/bin/hostinfo      = unknown
/bin/machine           = unknown
/usr/bin/oslevel       = unknown
/bin/universe          = unknown

PATH: /home/unga/bin
PATH: /usr/local/sbin
PATH: /usr/local/bin
PATH: /usr/sbin
PATH: /usr/bin
PATH: /sbin
PATH: /bin
PATH: /usr/games
PATH: /usr/local/games
PATH: /snap/bin
PATH: /home/gitui
PATH: /home/unga/go/bin
PATH: /home/unga/bin
PATH: /home/gitui
PATH: /home/unga/go/bin
PATH: /home/unga/bin


## ----------- ##
## Core tests. ##
## ----------- ##

configure:2497: checking build system type
configure:2511: result: x86_64-unknown-linux-gnu
configure:2531: checking host system type
configure:2544: result: x86_64-unknown-linux-gnu
configure:2612: checking for gcc
configure:2639: result: clang
configure:2868: checking for C compiler version
configure:2877: clang --version >&5
Ubuntu clang version 18.1.3 (1ubuntu1)
Target: x86_64-pc-linux-gnu
Thread model: posix
InstalledDir: /usr/bin
configure:2888: $? = 0
configure:2877: clang -v >&5
Ubuntu clang version 18.1.3 (1ubuntu1)
Target: x86_64-pc-linux-gnu
Thread model: posix
InstalledDir: /usr/bin
Found candidate GCC installation: /usr/bin/../lib/gcc/x86_64-linux-gnu/13
Selected GCC installation: /usr/bin/../lib/gcc/x86_64-linux-gnu/13
Candidate multilib: .;@m64
Selected multilib: .;@m64
configure:2888: $? = 0
configure:2877: clang -V >&5
clang: error: argument to '-V' is missing (expected 1 value)
clang: error: no input files
configure:2888: $? = 1
configure:2877: clang -qversion >&5
clang: error: unknown argument '-qversion'; did you mean '--version'?
clang: error: no input files
configure:2888: $? = 1
configure:2908: checking whether the C compiler works
configure:2930: clang    conftest.c  >&5
configure:2934: $? = 0
configure:2982: result: yes
configure:2985: checking for C compiler default output file name
configure:2987: result: a.out
configure:2993: checking for suffix of executables
configure:3000: clang -o conftest    conftest.c  >&5
configure:3004: $? = 0
configure:3026: result: 
configure:3048: checking whether we are cross compiling
configure:3056: clang -o conftest    conftest.c  >&5
configure:3060: $? = 0
configure:3067: ./conftest
configure:3071: $? = 0
configure:3086: result: no
configure:3091: checking for suffix of object files
configure:3113: clang -c   conftest.c >&5
configure:3117: $? = 0
configure:3138: result: o
configure:3142: checking whether we are using the GNU C compiler
configure:3161: clang -c   conftest.c >&5
configure:3161: $? = 0
configure:3170: result: yes
configure:3179: checking whether clang accepts -g
configure:3199: clang -c -g  conftest.c >&5
configure:3199: $? = 0
configure:3240: result: yes
configure:3257: checking for clang option to accept ISO C89
configure:3320: clang  -c -g -O2  conftest.c >&5
conftest.c:15:14: warning: a function definition without a prototype is deprecated in all versions of C and is not supported in C23 [-Wdeprecated-non-prototype]
   15 | static char *e (p, i)
      |              ^
1 warning generated.
configure:3320: $? = 0
configure:3333: result: none needed
configure:3353: checking for a sed that does not truncate output
configure:3417: result: /usr/bin/sed
configure:3435: checking for grep that handles long lines and -e
configure:3493: result: /usr/bin/grep
configure:3498: checking for egrep
configure:3560: result: /usr/bin/grep -E
configure:3565: checking for fgrep
configure:3627: result: /usr/bin/grep -F
configure:3662: checking for ld used by clang
configure:3729: result: /usr/bin/ld
configure:3736: checking if the linker (/usr/bin/ld) is GNU ld
configure:3751: result: yes
configure:3763: checking for BSD- or MS-compatible name lister (nm)
configure:3812: result: /usr/bin/nm -B
configure:3930: checking the name lister (/usr/bin/nm -B) interface
configure:3937: clang -c -g -O2  conftest.c >&5
configure:3940: /usr/bin/nm -B "conftest.o"
configure:3943: output
0000000000000000 B some_variable
configure:3950: result: BSD nm
configure:3953: checking whether ln -s works
configure:3957: result: yes
configure:3965: checking the maximum length of command line arguments
configure:4085: result: 1572864
configure:4102: checking whether the shell understands some XSI constructs
configure:4112: result: yes
configure:4116: checking whether the shell understands "+="
configure:4122: result: yes
configure:4157: checking for /usr/bin/ld option to reload object files
configure:4164: result: -r
configure:4233: checking for objdump
configure:4249: found /usr/bin/objdump
configure:4260: result: objdump
configure:4292: checking how to recognize dependent libraries
configure:4488: result: pass_all
configure:4548: checking for ar
configure:4564: found /usr/bin/ar
configure:4575: result: ar
configure:4653: checking for strip
configure:4669: found /usr/bin/strip
configure:4680: result: strip
configure:4752: checking for ranlib
configure:4768: found /usr/bin/ranlib
configure:4779: result: ranlib
configure:4869: checking command to parse /usr/bin/nm -B output from clang object
configure:4987: clang -c -g -O2  conftest.c >&5
configure:4990: $? = 0
configure:4994: /usr/bin/nm -B conftest.o \| sed -n -e 's/^.*[	 ]\([ABCDGIRSTW][ABCDGIRSTW]*\)[	 ][	 ]*\([_A-Za-z][_A-Za-z0-9]*\)$/\1 \2 \2/p' \> conftest.nm
configure:4997: $? = 0
configure:5051: clang -o conftest -g -O2   conftest.c conftstm.o >&5
configure:5054: $? = 0
configure:5092: result: ok
configure:5188: clang -c -g -O2  conftest.c >&5
configure:5191: $? = 0
configure:5901: checking how to run the C preprocessor
configure:5932: clang -E  conftest.c
configure:5932: $? = 0
configure:5946: clang -E  conftest.c
conftest.c:9:10: fatal error: 'ac_nonexistent.h' file not found
    9 | #include <ac_nonexistent.h>
      |          ^~~~~~~~~~~~~~~~~~
1 error generated.
configure:5946: $? = 1
configure: failed program was:
| /* confdefs.h */
| #define PACKAGE_NAME "sqlite"
| #define PACKAGE_TARNAME "sqlite"
| #define PACKAGE_VERSION "3.26.0"
| #define PACKAGE_STRING "sqlite 3.26.0"
| #define PACKAGE_BUGREPORT ""
| #define PACKAGE_URL ""
| /* end confdefs.h.  */
| #include <ac_nonexistent.h>
configure:5971: result: clang -E
configure:5991: clang -E  conftest.c
configure:5991: $? = 0
configure:6005: clang -E  conftest.c
conftest.c:9:10: fatal error: 'ac_nonexistent.h' file not found
    9 | #include <ac_nonexistent.h>
      |          ^~~~~~~~~~~~~~~~~~
1 error generated.
configure:6005: $? = 1
configure: failed program was:
| /* confdefs.h */
| #define PACKAGE_NAME "sqlite"
| #define PACKAGE_TARNAME "sqlite"
| #define PACKAGE_VERSION "3.26.0"
| #define PACKAGE_STRING "sqlite 3.26.0"
| #define PACKAGE_BUGREPORT ""
| #define PACKAGE_URL ""
| /* end confdefs.h.  */
| #include <ac_nonexistent.h>
configure:6034: checking for ANSI C header files
configure:6054: clang -c -g -O2  conftest.c >&5
configure:6054: $? = 0
configure:6127: clang -o conftest -g -O2   conftest.c  >&5
configure:6127: $? = 0
configure:6127: ./conftest
configure:6127: $? = 0
configure:6138: result: yes
configure:6151: checking for sys/types.h
configure:6151: clang -c -g -O2  conftest.c >&5
configure:6151: $? = 0
configure:6151: result: yes
configure:6151: checking for sys/stat.h
configure:6151: clang -c -g -O2  conftest.c >&5
configure:6151: $? = 0
configure:6151: result: yes
configure:6151: checking for stdlib.h
configure:6151: clang -c -g -O2  conftest.c >&5
configure:6151: $? = 0
configure:6151: result: yes
configure:6151: checking for string.h
configure:6151: clang -c -g -O2  conftest.c >&5
configure:6151: $? = 0
configure:6151: result: yes
configure:6151: checking for memory.h
configure:6151: clang -c -g -O2  conftest.c >&5
configure:6151: $? = 0
configure:6151: result: yes
configure:6151: checking for strings.h
configure:6151: clang -c -g -O2  conftest.c >&5
configure:6151: $? = 0
configure:6151: result: yes
configure:6151: checking for inttypes.h
configure:6151: clang -c -g -O2  conftest.c >&5
configure:6151: $? = 0
configure:6151: result: yes
configure:6151: checking for stdint.h
configure:6151: clang -c -g -O2  conftest.c >&5
configure:6151: $? = 0
configure:6151: result: yes
configure:6151: checking for unistd.h
configure:6151: clang -c -g -O2  conftest.c >&5
configure:6151: $? = 0
configure:6151: result: yes
configure:6165: checking for dlfcn.h
configure:6165: clang -c -g -O2  conftest.c >&5
configure:6165: $? = 0
configure:6165: result: yes
configure:6349: checking for objdir
configure:6364: result: .libs
configure:6656: checking if clang supports -fno-rtti -fno-exceptions
configure:6674: clang -c -g -O2  -fno-rtti -fno-exceptions conftest.c >&5
configure:6678: $? = 0
configure:6691: result: yes
configure:6711: checking for clang option to produce PIC
configure:6983: result: -fPIC -DPIC
configure:6995: checking if clang PIC flag -fPIC -DPIC works
configure:7013: clang -c -g -O2  -fPIC -DPIC -DPIC conftest.c >&5
configure:7017: $? = 0
configure:7030: result: yes
configure:7054: checking if clang static flag -static works
configure:7082: result: yes
configure:7097: checking if clang supports -c -o file.o
configure:7118: clang -c -g -O2  -o out/conftest2.o conftest.c >&5
configure:7122: $? = 0
configure:7144: result: yes
configure:7152: checking if clang supports -c -o file.o
configure:7199: result: yes
configure:7232: checking whether the clang linker (/usr/bin/ld -m elf_x86_64) supports shared libraries
configure:8218: result: yes
configure:8255: checking whether -lc should be explicitly linked in
configure:8260: clang -c -g -O2  conftest.c >&5
configure:8263: $? = 0
configure:8278: clang -shared conftest.o  -v -Wl,-soname -Wl,conftest -o conftest 2\>\&1 \| /usr/bin/grep  -lc  \>/dev/null 2\>\&1
configure:8281: $? = 0
configure:8293: result: no
configure:8457: checking dynamic linker characteristics
configure:8903: clang -o conftest -g -O2   -Wl,-rpath -Wl,/foo conftest.c  >&5
configure:8903: $? = 0
configure:9121: result: GNU/Linux ld.so
configure:9223: checking how to hardcode library paths into programs
configure:9248: result: immediate
configure:9768: checking whether stripping libraries is possible
configure:9773: result: yes
configure:9808: checking if libtool supports shared libraries
configure:9810: result: yes
configure:9813: checking whether to build shared libraries
configure:9834: result: yes
configure:9837: checking whether to build static libraries
configure:9841: result: yes
configure:9890: checking for a BSD-compatible install
configure:9958: result: /usr/bin/install -c
configure:9980: checking for special C compiler options needed for large files
configure:10025: result: no
configure:10031: checking for _FILE_OFFSET_BITS value needed for large files
configure:10056: clang -c -g -O2  conftest.c >&5
configure:10056: $? = 0
configure:10088: result: no
configure:10176: checking for int8_t
configure:10176: clang -c -g -O2  conftest.c >&5
configure:10176: $? = 0
configure:10176: clang -c -g -O2  conftest.c >&5
conftest.c:57:21: error: expected expression
   57 | if (sizeof ((int8_t)))
      |                     ^
1 error generated.
configure:10176: $? = 1
configure: failed program was:
| /* confdefs.h */
| #define PACKAGE_NAME "sqlite"
| #define PACKAGE_TARNAME "sqlite"
| #define PACKAGE_VERSION "3.26.0"
| #define PACKAGE_STRING "sqlite 3.26.0"
| #define PACKAGE_BUGREPORT ""
| #define PACKAGE_URL ""
| #define STDC_HEADERS 1
| #define HAVE_SYS_TYPES_H 1
| #define HAVE_SYS_STAT_H 1
| #define HAVE_STDLIB_H 1
| #define HAVE_STRING_H 1
| #define HAVE_MEMORY_H 1
| #define HAVE_STRINGS_H 1
| #define HAVE_INTTYPES_H 1
| #define HAVE_STDINT_H 1
| #define HAVE_UNISTD_H 1
| #define HAVE_DLFCN_H 1
| #define LT_OBJDIR ".libs/"
| /* end confdefs.h.  */
| #include <stdio.h>
| #ifdef HAVE_SYS_TYPES_H
| # include <sys/types.h>
| #endif
| #ifdef HAVE_SYS_STAT_H
| # include <sys/stat.h>
| #endif
| #ifdef STDC_HEADERS
| # include <stdlib.h>
| # include <stddef.h>
| #else
| # ifdef HAVE_STDLIB_H
| #  include <stdlib.h>
| # endif
| #endif
| #ifdef HAVE_STRING_H
| # if !defined STDC_HEADERS && defined HAVE_MEMORY_H
| #  include <memory.h>
| # endif
| # include <string.h>
| #endif
| #ifdef HAVE_STRINGS_H
| # include <strings.h>
| #endif
| #ifdef HAVE_INTTYPES_H
| # include <inttypes.h>
| #endif
| #ifdef HAVE_STDINT_H
| # include <stdint.h>
| #endif
| #ifdef HAVE_UNISTD_H
| # include <unistd.h>
| #endif
| int
| main ()
| {
| if (sizeof ((int8_t)))
| 	    return 0;
|   ;
|   return 0;
| }
configure:10176: result: yes
configure:10185: checking for int16_t
configure:10185: clang -c -g -O2  conftest.c >&5
configure:10185: $? = 0
configure:10185: clang -c -g -O2  conftest.c >&5
conftest.c:58:22: error: expected expression
   58 | if (sizeof ((int16_t)))
      |                      ^
1 error generated.
configure:10185: $? = 1
configure: failed program was:
| /* confdefs.h */
| #define PACKAGE_NAME "sqlite"
| #define PACKAGE_TARNAME "sqlite"
| #define PACKAGE_VERSION "3.26.0"
| #define PACKAGE_STRING "sqlite 3.26.0"
| #define PACKAGE_BUGREPORT ""
| #define PACKAGE_URL ""
| #define STDC_HEADERS 1
| #define HAVE_SYS_TYPES_H 1
| #define HAVE_SYS_STAT_H 1
| #define HAVE_STDLIB_H 1
| #define HAVE_STRING_H 1
| #define HAVE_MEMORY_H 1
| #define HAVE_STRINGS_H 1
| #define HAVE_INTTYPES_H 1
| #define HAVE_STDINT_H 1
| #define HAVE_UNISTD_H 1
| #define HAVE_DLFCN_H 1
| #define LT_OBJDIR ".libs/"
| #define HAVE_INT8_T 1
| /* end confdefs.h.  */
| #include <stdio.h>
| #ifdef HAVE_SYS_TYPES_H
| # include <sys/types.h>
| #endif
| #ifdef HAVE_SYS_STAT_H
| # include <sys/stat.h>
| #endif
| #ifdef STDC_HEADERS
| # include <stdlib.h>
| # include <stddef.h>
| #else
| # ifdef HAVE_STDLIB_H
| #  include <stdlib.h>
| # endif
| #endif
| #ifdef HAVE_STRING_H
| # if !defined STDC_HEADERS && defined HAVE_MEMORY_H
| #  include <memory.h>
| # endif
| # include <string.h>
| #endif
| #ifdef HAVE_STRINGS_H
| # include <strings.h>
| #endif
| #ifdef HAVE_INTTYPES_H
| # include <inttypes.h>
| #endif
| #ifdef HAVE_STDINT_H
| # include <stdint.h>
| #endif
| #ifdef HAVE_UNISTD_H
| # include <unistd.h>
| #endif
| int
| main ()
| {
| if (sizeof ((int16_t)))
| 	    return 0;
|   ;
|   return 0;
| }
configure:10185: result: yes
configure:10194: checking for int32_t
configure:10194: clang -c -g -O2  conftest.c >&5
configure:10194: $? = 0
configure:10194: clang -c -g -O2  conftest.c >&5
conftest.c:59:22: error: expected expression
   59 | if (sizeof ((int32_t)))
      |                      ^
1 error generated.
configure:10194: $? = 1
configure: failed program was:
| /* confdefs.h */
| #define PACKAGE_NAME "sqlite"
| #define PACKAGE_TARNAME "sqlite"
| #define PACKAGE_VERSION "3.26.0"
| #define PACKAGE_STRING "sqlite 3.26.0"
| #define PACKAGE_BUGREPORT ""
| #define PACKAGE_URL ""
| #define STDC_HEADERS 1
| #define HAVE_SYS_TYPES_H 1
| #define HAVE_SYS_STAT_H 1
| #define HAVE_STDLIB_H 1
| #define HAVE_STRING_H 1
| #define HAVE_MEMORY_H 1
| #define HAVE_STRINGS_H 1
| #define HAVE_INTTYPES_H 1
| #define HAVE_STDINT_H 1
| #define HAVE_UNISTD_H 1
| #define HAVE_DLFCN_H 1
| #define LT_OBJDIR ".libs/"
| #define HAVE_INT8_T 1
| #define HAVE_INT16_T 1
| /* end confdefs.h.  */
| #include <stdio.h>
| #ifdef HAVE_SYS_TYPES_H
| # include <sys/types.h>
| #endif
| #ifdef HAVE_SYS_STAT_H
| # include <sys/stat.h>
| #endif
| #ifdef STDC_HEADERS
| # include <stdlib.h>
| # include <stddef.h>
| #else
| # ifdef HAVE_STDLIB_H
| #  include <stdlib.h>
| # endif
| #endif
| #ifdef HAVE_STRING_H
| # if !defined STDC_HEADERS && defined HAVE_MEMORY_H
| #  include <memory.h>
| # endif
| # include <string.h>
| #endif
| #ifdef HAVE_STRINGS_H
| # include <strings.h>
| #endif
| #ifdef HAVE_INTTYPES_H
| # include <inttypes.h>
| #endif
| #ifdef HAVE_STDINT_H
| # include <stdint.h>
| #endif
| #ifdef HAVE_UNISTD_H
| # include <unistd.h>
| #endif
| int
| main ()
| {
| if (sizeof ((int32_t)))
| 	    return 0;
|   ;
|   return 0;
| }
configure:10194: result: yes
configure:10203: checking for int64_t
configure:10203: clang -c -g -O2  conftest.c >&5
configure:10203: $? = 0
configure:10203: clang -c -g -O2  conftest.c >&5
conftest.c:60:22: error: expected expression
   60 | if (sizeof ((int64_t)))
      |                      ^
1 error generated.
configure:10203: $? = 1
configure: failed program was:
| /* confdefs.h */
| #define PACKAGE_NAME "sqlite"
| #define PACKAGE_TARNAME "sqlite"
| #define PACKAGE_VERSION "3.26.0"
| #define PACKAGE_STRING "sqlite 3.26.0"
| #define PACKAGE_BUGREPORT ""
| #define PACKAGE_URL ""
| #define STDC_HEADERS 1
| #define HAVE_SYS_TYPES_H 1
| #define HAVE_SYS_STAT_H 1
| #define HAVE_STDLIB_H 1
| #define HAVE_STRING_H 1
| #define HAVE_MEMORY_H 1
| #define HAVE_STRINGS_H 1
| #define HAVE_INTTYPES_H 1
| #define HAVE_STDINT_H 1
| #define HAVE_UNISTD_H 1
| #define HAVE_DLFCN_H 1
| #define LT_OBJDIR ".libs/"
| #define HAVE_INT8_T 1
| #define HAVE_INT16_T 1
| #define HAVE_INT32_T 1
| /* end confdefs.h.  */
| #include <stdio.h>
| #ifdef HAVE_SYS_TYPES_H
| # include <sys/types.h>
| #endif
| #ifdef HAVE_SYS_STAT_H
| # include <sys/stat.h>
| #endif
| #ifdef STDC_HEADERS
| # include <stdlib.h>
| # include <stddef.h>
| #else
| # ifdef HAVE_STDLIB_H
| #  include <stdlib.h>
| # endif
| #endif
| #ifdef HAVE_STRING_H
| # if !defined STDC_HEADERS && defined HAVE_MEMORY_H
| #  include <memory.h>
| # endif
| # include <string.h>
| #endif
| #ifdef HAVE_STRINGS_H
| # include <strings.h>
| #endif
| #ifdef HAVE_INTTYPES_H
| # include <inttypes.h>
| #endif
| #ifdef HAVE_STDINT_H
| # include <stdint.h>
| #endif
| #ifdef HAVE_UNISTD_H
| # include <unistd.h>
| #endif
| int
| main ()
| {
| if (sizeof ((int64_t)))
| 	    return 0;
|   ;
|   return 0;
| }
configure:10203: result: yes
configure:10212: checking for intptr_t
configure:10212: clang -c -g -O2  conftest.c >&5
configure:10212: $? = 0
configure:10212: clang -c -g -O2  conftest.c >&5
conftest.c:61:23: error: expected expression
   61 | if (sizeof ((intptr_t)))
      |                       ^
1 error generated.
configure:10212: $? = 1
configure: failed program was:
| /* confdefs.h */
| #define PACKAGE_NAME "sqlite"
| #define PACKAGE_TARNAME "sqlite"
| #define PACKAGE_VERSION "3.26.0"
| #define PACKAGE_STRING "sqlite 3.26.0"
| #define PACKAGE_BUGREPORT ""
| #define PACKAGE_URL ""
| #define STDC_HEADERS 1
| #define HAVE_SYS_TYPES_H 1
| #define HAVE_SYS_STAT_H 1
| #define HAVE_STDLIB_H 1
| #define HAVE_STRING_H 1
| #define HAVE_MEMORY_H 1
| #define HAVE_STRINGS_H 1
| #define HAVE_INTTYPES_H 1
| #define HAVE_STDINT_H 1
| #define HAVE_UNISTD_H 1
| #define HAVE_DLFCN_H 1
| #define LT_OBJDIR ".libs/"
| #define HAVE_INT8_T 1
| #define HAVE_INT16_T 1
| #define HAVE_INT32_T 1
| #define HAVE_INT64_T 1
| /* end confdefs.h.  */
| #include <stdio.h>
| #ifdef HAVE_SYS_TYPES_H
| # include <sys/types.h>
| #endif
| #ifdef HAVE_SYS_STAT_H
| # include <sys/stat.h>
| #endif
| #ifdef STDC_HEADERS
| # include <stdlib.h>
| # include <stddef.h>
| #else
| # ifdef HAVE_STDLIB_H
| #  include <stdlib.h>
| # endif
| #endif
| #ifdef HAVE_STRING_H
| # if !defined STDC_HEADERS && defined HAVE_MEMORY_H
| #  include <memory.h>
| # endif
| # include <string.h>
| #endif
| #ifdef HAVE_STRINGS_H
| # include <strings.h>
| #endif
| #ifdef HAVE_INTTYPES_H
| # include <inttypes.h>
| #endif
| #ifdef HAVE_STDINT_H
| # include <stdint.h>
| #endif
| #ifdef HAVE_UNISTD_H
| # include <unistd.h>
| #endif
| int
| main ()
| {
| if (sizeof ((intptr_t)))
| 	    return 0;
|   ;
|   return 0;
| }
configure:10212: result: yes
configure:10221: checking for uint8_t
configure:10221: clang -c -g -O2  conftest.c >&5
configure:10221: $? = 0
configure:10221: clang -c -g -O2  conftest.c >&5
conftest.c:62:22: error: expected expression
   62 | if (sizeof ((uint8_t)))
      |                      ^
1 error generated.
configure:10221: $? = 1
configure: failed program was:
| /* confdefs.h */
| #define PACKAGE_NAME "sqlite"
| #define PACKAGE_TARNAME "sqlite"
| #define PACKAGE_VERSION "3.26.0"
| #define PACKAGE_STRING "sqlite 3.26.0"
| #define PACKAGE_BUGREPORT ""
| #define PACKAGE_URL ""
| #define STDC_HEADERS 1
| #define HAVE_SYS_TYPES_H 1
| #define HAVE_SYS_STAT_H 1
| #define HAVE_STDLIB_H 1
| #define HAVE_STRING_H 1
| #define HAVE_MEMORY_H 1
| #define HAVE_STRINGS_H 1
| #define HAVE_INTTYPES_H 1
| #define HAVE_STDINT_H 1
| #define HAVE_UNISTD_H 1
| #define HAVE_DLFCN_H 1
| #define LT_OBJDIR ".libs/"
| #define HAVE_INT8_T 1
| #define HAVE_INT16_T 1
| #define HAVE_INT32_T 1
| #define HAVE_INT64_T 1
| #define HAVE_INTPTR_T 1
| /* end confdefs.h.  */
| #include <stdio.h>
| #ifdef HAVE_SYS_TYPES_H
| # include <sys/types.h>
| #endif
| #ifdef HAVE_SYS_STAT_H
| # include <sys/stat.h>
| #endif
| #ifdef STDC_HEADERS
| # include <stdlib.h>
| # include <stddef.h>
| #else
| # ifdef HAVE_STDLIB_H
| #  include <stdlib.h>
| # endif
| #endif
| #ifdef HAVE_STRING_H
| # if !defined STDC_HEADERS && defined HAVE_MEMORY_H
| #  include <memory.h>
| # endif
| # include <string.h>
| #endif
| #ifdef HAVE_STRINGS_H
| # include <strings.h>
| #endif
| #ifdef HAVE_INTTYPES_H
| # include <inttypes.h>
| #endif
| #ifdef HAVE_STDINT_H
| # include <stdint.h>
| #endif
| #ifdef HAVE_UNISTD_H
| # include <unistd.h>
| #endif
| int
| main ()
| {
| if (sizeof ((uint8_t)))
| 	    return 0;
|   ;
|   return 0;
| }
configure:10221: result: yes
configure:10230: checking for uint16_t
configure:10230: clang -c -g -O2  conftest.c >&5
configure:10230: $? = 0
configure:10230: clang -c -g -O2  conftest.c >&5
conftest.c:63:23: error: expected expression
   63 | if (sizeof ((uint16_t)))
      |                       ^
1 error generated.
configure:10230: $? = 1
configure: failed program was:
| /* confdefs.h */
| #define PACKAGE_NAME "sqlite"
| #define PACKAGE_TARNAME "sqlite"
| #define PACKAGE_VERSION "3.26.0"
| #define PACKAGE_STRING "sqlite 3.26.0"
| #define PACKAGE_BUGREPORT ""
| #define PACKAGE_URL ""
| #define STDC_HEADERS 1
| #define HAVE_SYS_TYPES_H 1
| #define HAVE_SYS_STAT_H 1
| #define HAVE_STDLIB_H 1
| #define HAVE_STRING_H 1
| #define HAVE_MEMORY_H 1
| #define HAVE_STRINGS_H 1
| #define HAVE_INTTYPES_H 1
| #define HAVE_STDINT_H 1
| #define HAVE_UNISTD_H 1
| #define HAVE_DLFCN_H 1
| #define LT_OBJDIR ".libs/"
| #define HAVE_INT8_T 1
| #define HAVE_INT16_T 1
| #define HAVE_INT32_T 1
| #define HAVE_INT64_T 1
| #define HAVE_INTPTR_T 1
| #define HAVE_UINT8_T 1
| /* end confdefs.h.  */
| #include <stdio.h>
| #ifdef HAVE_SYS_TYPES_H
| # include <sys/types.h>
| #endif
| #ifdef HAVE_SYS_STAT_H
| # include <sys/stat.h>
| #endif
| #ifdef STDC_HEADERS
| # include <stdlib.h>
| # include <stddef.h>
| #else
| # ifdef HAVE_STDLIB_H
| #  include <stdlib.h>
| # endif
| #endif
| #ifdef HAVE_STRING_H
| # if !defined STDC_HEADERS && defined HAVE_MEMORY_H
| #  include <memory.h>
| # endif
| # include <string.h>
| #endif
| #ifdef HAVE_STRINGS_H
| # include <strings.h>
| #endif
| #ifdef HAVE_INTTYPES_H
| # include <inttypes.h>
| #endif
| #ifdef HAVE_STDINT_H
| # include <stdint.h>
| #endif
| #ifdef HAVE_UNISTD_H
| # include <unistd.h>
| #endif
| int
| main ()
| {
| if (sizeof ((uint16_t)))
| 	    return 0;
|   ;
|   return 0;
| }
configure:10230: result: yes
configure:10239: checking for uint32_t
configure:10239: clang -c -g -O2  conftest.c >&5
configure:10239: $? = 0
configure:10239: clang -c -g -O2  conftest.c >&5
conftest.c:64:23: error: expected expression
   64 | if (sizeof ((uint32_t)))
      |                       ^
1 error generated.
configure:10239: $? = 1
configure: failed program was:
| /* confdefs.h */
| #define PACKAGE_NAME "sqlite"
| #define PACKAGE_TARNAME "sqlite"
| #define PACKAGE_VERSION "3.26.0"
| #define PACKAGE_STRING "sqlite 3.26.0"
| #define PACKAGE_BUGREPORT ""
| #define PACKAGE_URL ""
| #define STDC_HEADERS 1
| #define HAVE_SYS_TYPES_H 1
| #define HAVE_SYS_STAT_H 1
| #define HAVE_STDLIB_H 1
| #define HAVE_STRING_H 1
| #define HAVE_MEMORY_H 1
| #define HAVE_STRINGS_H 1
| #define HAVE_INTTYPES_H 1
| #define HAVE_STDINT_H 1
| #define HAVE_UNISTD_H 1
| #define HAVE_DLFCN_H 1
| #define LT_OBJDIR ".libs/"
| #define HAVE_INT8_T 1
| #define HAVE_INT16_T 1
| #define HAVE_INT32_T 1
| #define HAVE_INT64_T 1
| #define HAVE_INTPTR_T 1
| #define HAVE_UINT8_T 1
| #define HAVE_UINT16_T 1
| /* end confdefs.h.  */
| #include <stdio.h>
| #ifdef HAVE_SYS_TYPES_H
| # include <sys/types.h>
| #endif
| #ifdef HAVE_SYS_STAT_H
| # include <sys/stat.h>
| #endif
| #ifdef STDC_HEADERS
| # include <stdlib.h>
| # include <stddef.h>
| #else
| # ifdef HAVE_STDLIB_H
| #  include <stdlib.h>
| # endif
| #endif
| #ifdef HAVE_STRING_H
| # if !defined STDC_HEADERS && defined HAVE_MEMORY_H
| #  include <memory.h>
| # endif
| # include <string.h>
| #endif
| #ifdef HAVE_STRINGS_H
| # include <strings.h>
| #endif
| #ifdef HAVE_INTTYPES_H
| # include <inttypes.h>
| #endif
| #ifdef HAVE_STDINT_H
| # include <stdint.h>
| #endif
| #ifdef HAVE_UNISTD_H
| # include <unistd.h>
| #endif
| int
| main ()
| {
| if (sizeof ((uint32_t)))
| 	    return 0;
|   ;
|   return 0;
| }
configure:10239: result: yes
configure:10248: checking for uint64_t
configure:10248: clang -c -g -O2  conftest.c >&5
configure:10248: $? = 0
configure:10248: clang -c -g -O2  conftest.c >&5
conftest.c:65:23: error: expected expression
   65 | if (sizeof ((uint64_t)))
      |                       ^
1 error generated.
configure:10248: $? = 1
configure: failed program was:
| /* confdefs.h */
| #define PACKAGE_NAME "sqlite"
| #define PACKAGE_TARNAME "sqlite"
| #define PACKAGE_VERSION "3.26.0"
| #define PACKAGE_STRING "sqlite 3.26.0"
| #define PACKAGE_BUGREPORT ""
| #define PACKAGE_URL ""
| #define STDC_HEADERS 1
| #define HAVE_SYS_TYPES_H 1
| #define HAVE_SYS_STAT_H 1
| #define HAVE_STDLIB_H 1
| #define HAVE_STRING_H 1
| #define HAVE_MEMORY_H 1
| #define HAVE_STRINGS_H 1
| #define HAVE_INTTYPES_H 1
| #define HAVE_STDINT_H 1
| #define HAVE_UNISTD_H 1
| #define HAVE_DLFCN_H 1
| #define LT_OBJDIR ".libs/"
| #define HAVE_INT8_T 1
| #define HAVE_INT16_T 1
| #define HAVE_INT32_T 1
| #define HAVE_INT64_T 1
| #define HAVE_INTPTR_T 1
| #define HAVE_UINT8_T 1
| #define HAVE_UINT16_T 1
| #define HAVE_UINT32_T 1
| /* end confdefs.h.  */
| #include <stdio.h>
| #ifdef HAVE_SYS_TYPES_H
| # include <sys/types.h>
| #endif
| #ifdef HAVE_SYS_STAT_H
| # include <sys/stat.h>
| #endif
| #ifdef STDC_HEADERS
| # include <stdlib.h>
| # include <stddef.h>
| #else
| # ifdef HAVE_STDLIB_H
| #  include <stdlib.h>
| # endif
| #endif
| #ifdef HAVE_STRING_H
| # if !defined STDC_HEADERS && defined HAVE_MEMORY_H
| #  include <memory.h>
| # endif
| # include <string.h>
| #endif
| #ifdef HAVE_STRINGS_H
| # include <strings.h>
| #endif
| #ifdef HAVE_INTTYPES_H
| # include <inttypes.h>
| #endif
| #ifdef HAVE_STDINT_H
| # include <stdint.h>
| #endif
| #ifdef HAVE_UNISTD_H
| # include <unistd.h>
| #endif
| int
| main ()
| {
| if (sizeof ((uint64_t)))
| 	    return 0;
|   ;
|   return 0;
| }
configure:10248: result: yes
configure:10257: checking for uintptr_t
configure:10257: clang -c -g -O2  conftest.c >&5
configure:10257: $? = 0
configure:10257: clang -c -g -O2  conftest.c >&5
conftest.c:66:24: error: expected expression
   66 | if (sizeof ((uintptr_t)))
      |                        ^
1 error generated.
configure:10257: $? = 1
configure: failed program was:
| /* confdefs.h */
| #define PACKAGE_NAME "sqlite"
| #define PACKAGE_TARNAME "sqlite"
| #define PACKAGE_VERSION "3.26.0"
| #define PACKAGE_STRING "sqlite 3.26.0"
| #define PACKAGE_BUGREPORT ""
| #define PACKAGE_URL ""
| #define STDC_HEADERS 1
| #define HAVE_SYS_TYPES_H 1
| #define HAVE_SYS_STAT_H 1
| #define HAVE_STDLIB_H 1
| #define HAVE_STRING_H 1
| #define HAVE_MEMORY_H 1
| #define HAVE_STRINGS_H 1
| #define HAVE_INTTYPES_H 1
| #define HAVE_STDINT_H 1
| #define HAVE_UNISTD_H 1
| #define HAVE_DLFCN_H 1
| #define LT_OBJDIR ".libs/"
| #define HAVE_INT8_T 1
| #define HAVE_INT16_T 1
| #define HAVE_INT32_T 1
| #define HAVE_INT64_T 1
| #define HAVE_INTPTR_T 1
| #define HAVE_UINT8_T 1
| #define HAVE_UINT16_T 1
| #define HAVE_UINT32_T 1
| #define HAVE_UINT64_T 1
| /* end confdefs.h.  */
| #include <stdio.h>
| #ifdef HAVE_SYS_TYPES_H
| # include <sys/types.h>
| #endif
| #ifdef HAVE_SYS_STAT_H
| # include <sys/stat.h>
| #endif
| #ifdef STDC_HEADERS
| # include <stdlib.h>
| # include <stddef.h>
| #else
| # ifdef HAVE_STDLIB_H
| #  include <stdlib.h>
| # endif
| #endif
| #ifdef HAVE_STRING_H
| # if !defined STDC_HEADERS && defined HAVE_MEMORY_H
| #  include <memory.h>
| # endif
| # include <string.h>
| #endif
| #ifdef HAVE_STRINGS_H
| # include <strings.h>
| #endif
| #ifdef HAVE_INTTYPES_H
| # include <inttypes.h>
| #endif
| #ifdef HAVE_STDINT_H
| # include <stdint.h>
| #endif
| #ifdef HAVE_UNISTD_H
| # include <unistd.h>
| #endif
| int
| main ()
| {
| if (sizeof ((uintptr_t)))
| 	    return 0;
|   ;
|   return 0;
| }
configure:10257: result: yes
configure:10273: checking for sys/types.h
configure:10273: result: yes
configure:10273: checking for stdlib.h
configure:10273: result: yes
configure:10273: checking for stdint.h
configure:10273: result: yes
configure:10273: checking for inttypes.h
configure:10273: result: yes
configure:10273: checking malloc.h usability
configure:10273: clang -c -g -O2  conftest.c >&5
configure:10273: $? = 0
configure:10273: result: yes
configure:10273: checking malloc.h presence
configure:10273: clang -E  conftest.c
configure:10273: $? = 0
configure:10273: result: yes
configure:10273: checking for malloc.h
configure:10273: result: yes
configure:10290: checking for fdatasync
configure:10290: clang -o conftest -g -O2   conftest.c  >&5
configure:10290: $? = 0
configure:10290: result: yes
configure:10290: checking for gmtime_r
configure:10290: clang -o conftest -g -O2   conftest.c  >&5
configure:10290: $? = 0
configure:10290: result: yes
configure:10290: checking for isnan
configure:10290: clang -o conftest -g -O2   conftest.c  >&5
configure:10290: $? = 0
configure:10290: result: yes
configure:10290: checking for localtime_r
configure:10290: clang -o conftest -g -O2   conftest.c  >&5
configure:10290: $? = 0
configure:10290: result: yes
configure:10290: checking for localtime_s
configure:10290: clang -o conftest -g -O2   conftest.c  >&5
/usr/bin/ld: /tmp/conftest-5b5650.o: in function `main':
/home/unga/Documents/UZH/semester_8_fs2025/AST/Project/ast-group-project/include/sqlite-3.26.0/conftest.c:74:(.text+0x4): undefined reference to `localtime_s'
clang: error: linker command failed with exit code 1 (use -v to see invocation)
configure:10290: $? = 1
configure: failed program was:
| /* confdefs.h */
| #define PACKAGE_NAME "sqlite"
| #define PACKAGE_TARNAME "sqlite"
| #define PACKAGE_VERSION "3.26.0"
| #define PACKAGE_STRING "sqlite 3.26.0"
| #define PACKAGE_BUGREPORT ""
| #define PACKAGE_URL ""
| #define STDC_HEADERS 1
| #define HAVE_SYS_TYPES_H 1
| #define HAVE_SYS_STAT_H 1
| #define HAVE_STDLIB_H 1
| #define HAVE_STRING_H 1
| #define HAVE_MEMORY_H 1
| #define HAVE_STRINGS_H 1
| #define HAVE_INTTYPES_H 1
| #define HAVE_STDINT_H 1
| #define HAVE_UNISTD_H 1
| #define HAVE_DLFCN_H 1
| #define LT_OBJDIR ".libs/"
| #define HAVE_INT8_T 1
| #define HAVE_INT16_T 1
| #define HAVE_INT32_T 1
| #define HAVE_INT64_T 1
| #define HAVE_INTPTR_T 1
| #define HAVE_UINT8_T 1
| #define HAVE_UINT16_T 1
| #define HAVE_UINT32_T 1
| #define HAVE_UINT64_T 1
| #define HAVE_UINTPTR_T 1
| #define HAVE_SYS_TYPES_H 1
| #define HAVE_STDLIB_H 1
| #define HAVE_STDINT_H 1
| #define HAVE_INTTYPES_H 1
| #define HAVE_MALLOC_H 1
| #define HAVE_FDATASYNC 1
| #define HAVE_GMTIME_R 1
| #define HAVE_ISNAN 1
| #define HAVE_LOCALTIME_R 1
| /* end confdefs.h.  */
| /* Define localtime_s to an innocuous variant, in case <limits.h> declares localtime_s.
|    For example, HP-UX 11i <limits.h> declares gettimeofday.  */
| #define localtime_s innocuous_localtime_s
| 
| /* System header to define __stub macros and hopefully few prototypes,
|     which can conflict with char localtime_s (); below.
|     Prefer <limits.h> to <assert.h> if __STDC__ is defined, since
|     <limits.h> exists even on freestanding compilers.  */
| 
| #ifdef __STDC__
| # include <limits.h>
| #else
| # include <assert.h>
| #endif
| 
| #undef localtime_s
| 
| /* Override any GCC internal prototype to avoid an error.
|    Use char because int might match the return type of a GCC
|    builtin and then its argument prototype would still apply.  */
| #ifdef __cplusplus
| extern "C"
| #endif
| char localtime_s ();
| /* The GNU C library defines this for functions which it implements
|     to always fail with ENOSYS.  Some functions are actually named
|     something starting with __ and the normal name is an alias.  */
| #if defined __stub_localtime_s || defined __stub___localtime_s
| choke me
| #endif
| 
| int
| main ()
| {
| return localtime_s ();
|   ;
|   return 0;
| }
configure:10290: result: no
configure:10290: checking for malloc_usable_size
configure:10290: clang -o conftest -g -O2   conftest.c  >&5
configure:10290: $? = 0
configure:10290: result: yes
configure:10290: checking for strchrnul
configure:10290: clang -o conftest -g -O2   conftest.c  >&5
configure:10290: $? = 0
configure:10290: result: yes
configure:10290: checking for usleep
configure:10290: clang -o conftest -g -O2   conftest.c  >&5
configure:10290: $? = 0
configure:10290: result: yes
configure:10290: checking for utime
configure:10290: clang -o conftest -g -O2   conftest.c  >&5
configure:10290: $? = 0
configure:10290: result: yes
configure:10290: checking for pread
configure:10290: clang -o conftest -g -O2   conftest.c  >&5
configure:10290: $? = 0
configure:10290: result: yes
configure:10290: checking for pread64
configure:10290: clang -o conftest -g -O2   conftest.c  >&5
configure:10290: $? = 0
configure:10290: result: yes
configure:10290: checking for pwrite
configure:10290: clang -o conftest -g -O2   conftest.c  >&5
configure:10290: $? = 0
configure:10290: result: yes
configure:10290: checking for pwrite64
configure:10290: clang -o conftest -g -O2   conftest.c  >&5
configure:10290: $? = 0
configure:10290: result: yes
configure:10314: checking for tclsh8.7
configure:10344: result: no
configure:10314: checking for tclsh8.6
configure:10330: found /usr/bin/tclsh8.6
configure:10341: result: tclsh8.6
configure:10382: Version set to 3.26
configure:10386: Release set to 3.26.0
configure:10392: Version number set to 3026000
configure:10462: checking whether to support threadsafe operation
configure:10470: result: yes
configure:10476: checking for library containing pthread_create
configure:10507: clang -o conftest -g -O2   conftest.c  >&5
configure:10507: $? = 0
configure:10524: result: none required
configure:10532: checking for library containing pthread_mutexattr_init
configure:10563: clang -o conftest -g -O2   conftest.c  >&5
configure:10563: $? = 0
configure:10580: result: none required
configure:10600: checking whether to support shared library linked as release mode or not
configure:10604: result: no
configure:10623: checking whether to use an in-ram database for temporary tables
configure:10633: result: no
configure:10660: checking if executables have the .exe suffix
configure:10667: result: unknown
configure:10725: checking for Tcl configuration
configure:10839: WARNING: Can't find Tcl configuration definitions
configure:10841: WARNING: *** Without Tcl the regression tests cannot be executed ***
configure:10843: WARNING: *** Consider using --with-tcl=... to define location of Tcl ***
configure:10937: checking for library containing readline
configure:10968: clang -o conftest -g -O2 -DSQLITE_OS_UNIX=1   conftest.c  >&5
/usr/bin/ld: /tmp/conftest-c25f5c.o: in function `main':
/home/unga/Documents/UZH/semester_8_fs2025/AST/Project/ast-group-project/include/sqlite-3.26.0/conftest.c:59:(.text+0x4): undefined reference to `readline'
clang: error: linker command failed with exit code 1 (use -v to see invocation)
configure:10968: $? = 1
configure: failed program was:
| /* confdefs.h */
| #define PACKAGE_NAME "sqlite"
| #define PACKAGE_TARNAME "sqlite"
| #define PACKAGE_VERSION "3.26.0"
| #define PACKAGE_STRING "sqlite 3.26.0"
| #define PACKAGE_BUGREPORT ""
| #define PACKAGE_URL ""
| #define STDC_HEADERS 1
| #define HAVE_SYS_TYPES_H 1
| #define HAVE_SYS_STAT_H 1
| #define HAVE_STDLIB_H 1
| #define HAVE_STRING_H 1
| #define HAVE_MEMORY_H 1
| #define HAVE_STRINGS_H 1
| #define HAVE_INTTYPES_H 1
| #define HAVE_STDINT_H 1
| #define HAVE_UNISTD_H 1
| #define HAVE_DLFCN_H 1
| #define LT_OBJDIR ".libs/"
| #define HAVE_INT8_T 1
| #define HAVE_INT16_T 1
| #define HAVE_INT32_T 1
| #define HAVE_INT64_T 1
| #define HAVE_INTPTR_T 1
| #define HAVE_UINT8_T 1
| #define HAVE_UINT16_T 1
| #define HAVE_UINT32_T 1
| #define HAVE_UINT64_T 1
| #define HAVE_UINTPTR_T 1
| #define HAVE_SYS_TYPES_H 1
| #define HAVE_STDLIB_H 1
| #define HAVE_STDINT_H 1
| #define HAVE_INTTYPES_H 1
| #define HAVE_MALLOC_H 1
| #define HAVE_FDATASYNC 1
| #define HAVE_GMTIME_R 1
| #define HAVE_ISNAN 1
| #define HAVE_LOCALTIME_R 1
| #define HAVE_MALLOC_USABLE_SIZE 1
| #define HAVE_STRCHRNUL 1
| #define HAVE_USLEEP 1
| #define HAVE_UTIME 1
| #define HAVE_PREAD 1
| #define HAVE_PREAD64 1
| #define HAVE_PWRITE 1
| #define HAVE_PWRITE64 1
| /* end confdefs.h.  */
| 
| /* Override any GCC internal prototype to avoid an error.
|    Use char because int might match the return type of a GCC
|    builtin and then its argument prototype would still apply.  */
| #ifdef __cplusplus
| extern "C"
| #endif
| char readline ();
| int
| main ()
| {
| return readline ();
|   ;
|   return 0;
| }
configure:10968: clang -o conftest -g -O2 -DSQLITE_OS_UNIX=1   conftest.c -ledit   >&5
/usr/bin/ld: cannot find -ledit: No such file or directory
clang: error: linker command failed with exit code 1 (use -v to see invocation)
configure:10968: $? = 1
configure: failed program was:
| /* confdefs.h */
| #define PACKAGE_NAME "sqlite"
| #define PACKAGE_TARNAME "sqlite"
| #define PACKAGE_VERSION "3.26.0"
| #define PACKAGE_STRING "sqlite 3.26.0"
| #define PACKAGE_BUGREPORT ""
| #define PACKAGE_URL ""
| #define STDC_HEADERS 1
| #define HAVE_SYS_TYPES_H 1
| #define HAVE_SYS_STAT_H 1
| #define HAVE_STDLIB_H 1
| #define HAVE_STRING_H 1
| #define HAVE_MEMORY_H 1
| #define HAVE_STRINGS_H 1
| #define HAVE_INTTYPES_H 1
| #define HAVE_STDINT_H 1
| #define HAVE_UNISTD_H 1
| #define HAVE_DLFCN_H 1
| #define LT_OBJDIR ".libs/"
| #define HAVE_INT8_T 1
| #define HAVE_INT16_T 1
| #define HAVE_INT32_T 1
| #define HAVE_INT64_T 1
| #define HAVE_INTPTR_T 1
| #define HAVE_UINT8_T 1
| #define HAVE_UINT16_T 1
| #define HAVE_UINT32_T 1
| #define HAVE_UINT64_T 1
| #define HAVE_UINTPTR_T 1
| #define HAVE_SYS_TYPES_H 1
| #define HAVE_STDLIB_H 1
| #define HAVE_STDINT_H 1
| #define HAVE_INTTYPES_H 1
| #define HAVE_MALLOC_H 1
| #define HAVE_FDATASYNC 1
| #define HAVE_GMTIME_R 1
| #define HAVE_ISNAN 1
| #define HAVE_LOCALTIME_R 1
| #define HAVE_MALLOC_USABLE_SIZE 1
| #define HAVE_STRCHRNUL 1
| #define HAVE_USLEEP 1
| #define HAVE_UTIME 1
| #define HAVE_PREAD 1
| #define HAVE_PREAD64 1
| #define HAVE_PWRITE 1
| #define HAVE_PWRITE64 1
| /* end confdefs.h.  */
| 
| /* Override any GCC internal prototype to avoid an error.
|    Use char because int might match the return type of a GCC
|    builtin and then its argument prototype would still apply.  */
| #ifdef __cplusplus
| extern "C"
| #endif
| char readline ();
| int
| main ()
| {
| return readline ();
|   ;
|   return 0;
| }
configure:10985: result: no
configure:11012: checking for library containing tgetent
configure:11043: clang -o conftest -g -O2 -DSQLITE_OS_UNIX=1   conftest.c  >&5
/usr/bin/ld: /tmp/conftest-96d1f5.o: in function `main':
/home/unga/Documents/UZH/semester_8_fs2025/AST/Project/ast-group-project/include/sqlite-3.26.0/conftest.c:59:(.text+0x4): undefined reference to `tgetent'
clang: error: linker command failed with exit code 1 (use -v to see invocation)
configure:11043: $? = 1
configure: failed program was:
| /* confdefs.h */
| #define PACKAGE_NAME "sqlite"
| #define PACKAGE_TARNAME "sqlite"
| #define PACKAGE_VERSION "3.26.0"
| #define PACKAGE_STRING "sqlite 3.26.0"
| #define PACKAGE_BUGREPORT ""
| #define PACKAGE_URL ""
| #define STDC_HEADERS 1
| #define HAVE_SYS_TYPES_H 1
| #define HAVE_SYS_STAT_H 1
| #define HAVE_STDLIB_H 1
| #define HAVE_STRING_H 1
| #define HAVE_MEMORY_H 1
| #define HAVE_STRINGS_H 1
| #define HAVE_INTTYPES_H 1
| #define HAVE_STDINT_H 1
| #define HAVE_UNISTD_H 1
| #define HAVE_DLFCN_H 1
| #define LT_OBJDIR ".libs/"
| #define HAVE_INT8_T 1
| #define HAVE_INT16_T 1
| #define HAVE_INT32_T 1
| #define HAVE_INT64_T 1
| #define HAVE_INTPTR_T 1
| #define HAVE_UINT8_T 1
| #define HAVE_UINT16_T 1
| #define HAVE_UINT32_T 1
| #define HAVE_UINT64_T 1
| #define HAVE_UINTPTR_T 1
| #define HAVE_SYS_TYPES_H 1
| #define HAVE_STDLIB_H 1
| #define HAVE_STDINT_H 1
| #define HAVE_INTTYPES_H 1
| #define HAVE_MALLOC_H 1
| #define HAVE_FDATASYNC 1
| #define HAVE_GMTIME_R 1
| #define HAVE_ISNAN 1
| #define HAVE_LOCALTIME_R 1
| #define HAVE_MALLOC_USABLE_SIZE 1
| #define HAVE_STRCHRNUL 1
| #define HAVE_USLEEP 1
| #define HAVE_UTIME 1
| #define HAVE_PREAD 1
| #define HAVE_PREAD64 1
| #define HAVE_PWRITE 1
| #define HAVE_PWRITE64 1
| /* end confdefs.h.  */
| 
| /* Override any GCC internal prototype to avoid an error.
|    Use char because int might match the return type of a GCC
|    builtin and then its argument prototype would still apply.  */
| #ifdef __cplusplus
| extern "C"
| #endif
| char tgetent ();
| int
| main ()
| {
| return tgetent ();
|   ;
|   return 0;
| }
configure:11043: clang -o conftest -g -O2 -DSQLITE_OS_UNIX=1   conftest.c -lreadline   >&5
/usr/bin/ld: /tmp/conftest-243a6b.o: undefined reference to symbol 'tgetent@@NCURSES6_TINFO_5.0.19991023'
/usr/bin/ld: /lib/x86_64-linux-gnu/libtinfo.so.6: error adding symbols: DSO missing from command line
clang: error: linker command failed with exit code 1 (use -v to see invocation)
configure:11043: $? = 1
configure: failed program was:
| /* confdefs.h */
| #define PACKAGE_NAME "sqlite"
| #define PACKAGE_TARNAME "sqlite"
| #define PACKAGE_VERSION "3.26.0"
| #define PACKAGE_STRING "sqlite 3.26.0"
| #define PACKAGE_BUGREPORT ""
| #define PACKAGE_URL ""
| #define STDC_HEADERS 1
| #define HAVE_SYS_TYPES_H 1
| #define HAVE_SYS_STAT_H 1
| #define HAVE_STDLIB_H 1
| #define HAVE_STRING_H 1
| #define HAVE_MEMORY_H 1
| #define HAVE_STRINGS_H 1
| #define HAVE_INTTYPES_H 1
| #define HAVE_STDINT_H 1
| #define HAVE_UNISTD_H 1
| #define HAVE_DLFCN_H 1
| #define LT_OBJDIR ".libs/"
| #define HAVE_INT8_T 1
| #define HAVE_INT16_T 1
| #define HAVE_INT32_T 1
| #define HAVE_INT64_T 1
| #define HAVE_INTPTR_T 1
| #define HAVE_UINT8_T 1
| #define HAVE_UINT16_T 1
| #define HAVE_UINT32_T 1
| #define HAVE_UINT64_T 1
| #define HAVE_UINTPTR_T 1
| #define HAVE_SYS_TYPES_H 1
| #define HAVE_STDLIB_H 1
| #define HAVE_STDINT_H 1
| #define HAVE_INTTYPES_H 1
| #define HAVE_MALLOC_H 1
| #define HAVE_FDATASYNC 1
| #define HAVE_GMTIME_R 1
| #define HAVE_ISNAN 1
| #define HAVE_LOCALTIME_R 1
| #define HAVE_MALLOC_USABLE_SIZE 1
| #define HAVE_STRCHRNUL 1
| #define HAVE_USLEEP 1
| #define HAVE_UTIME 1
| #define HAVE_PREAD 1
| #define HAVE_PREAD64 1
| #define HAVE_PWRITE 1
| #define HAVE_PWRITE64 1
| /* end confdefs.h.  */
| 
| /* Override any GCC internal prototype to avoid an error.
|    Use char because int might match the return type of a GCC
|    builtin and then its argument prototype would still apply.  */
| #ifdef __cplusplus
| extern "C"
| #endif
| char tgetent ();
| int
| main ()
| {
| return tgetent ();
|   ;
|   return 0;
| }
configure:11043: clang -o conftest -g -O2 -DSQLITE_OS_UNIX=1   conftest.c -lncurses   >&5
configure:11043: $? = 0
configure:11060: result: -lncurses
configure:11070: checking for readline in -lreadline
configure:11095: clang -o conftest -g -O2 -DSQLITE_OS_UNIX=1   conftest.c -lreadline  -lncurses  >&5
configure:11095: $? = 0
configure:11104: result: yes
configure:11127: checking readline.h usability
configure:11127: clang -c -g -O2 -DSQLITE_OS_UNIX=1  conftest.c >&5
conftest.c:81:10: fatal error: 'readline.h' file not found
   81 | #include <readline.h>
      |          ^~~~~~~~~~~~
1 error generated.
configure:11127: $? = 1
configure: failed program was:
| /* confdefs.h */
| #define PACKAGE_NAME "sqlite"
| #define PACKAGE_TARNAME "sqlite"
| #define PACKAGE_VERSION "3.26.0"
| #define PACKAGE_STRING "sqlite 3.26.0"
| #define PACKAGE_BUGREPORT ""
| #define PACKAGE_URL ""
| #define STDC_HEADERS 1
| #define HAVE_SYS_TYPES_H 1
| #define HAVE_SYS_STAT_H 1
| #define HAVE_STDLIB_H 1
| #define HAVE_STRING_H 1
| #define HAVE_MEMORY_H 1
| #define HAVE_STRINGS_H 1
| #define HAVE_INTTYPES_H 1
| #define HAVE_STDINT_H 1
| #define HAVE_UNISTD_H 1
| #define HAVE_DLFCN_H 1
| #define LT_OBJDIR ".libs/"
| #define HAVE_INT8_T 1
| #define HAVE_INT16_T 1
| #define HAVE_INT32_T 1
| #define HAVE_INT64_T 1
| #define HAVE_INTPTR_T 1
| #define HAVE_UINT8_T 1
| #define HAVE_UINT16_T 1
| #define HAVE_UINT32_T 1
| #define HAVE_UINT64_T 1
| #define HAVE_UINTPTR_T 1
| #define HAVE_SYS_TYPES_H 1
| #define HAVE_STDLIB_H 1
| #define HAVE_STDINT_H 1
| #define HAVE_INTTYPES_H 1
| #define HAVE_MALLOC_H 1
| #define HAVE_FDATASYNC 1
| #define HAVE_GMTIME_R 1
| #define HAVE_ISNAN 1
| #define HAVE_LOCALTIME_R 1
| #define HAVE_MALLOC_USABLE_SIZE 1
| #define HAVE_STRCHRNUL 1
| #define HAVE_USLEEP 1
| #define HAVE_UTIME 1
| #define HAVE_PREAD 1
| #define HAVE_PREAD64 1
| #define HAVE_PWRITE 1
| #define HAVE_PWRITE64 1
| /* end confdefs.h.  */
| #include <stdio.h>
| #ifdef HAVE_SYS_TYPES_H
| # include <sys/types.h>
| #endif
| #ifdef HAVE_SYS_STAT_H
| # include <sys/stat.h>
| #endif
| #ifdef STDC_HEADERS
| # include <stdlib.h>
| # include <stddef.h>
| #else
| # ifdef HAVE_STDLIB_H
| #  include <stdlib.h>
| # endif
| #endif
| #ifdef HAVE_STRING_H
| # if !defined STDC_HEADERS && defined HAVE_MEMORY_H
| #  include <memory.h>
| # endif
| # include <string.h>
| #endif
| #ifdef HAVE_STRINGS_H
| # include <strings.h>
| #endif
| #ifdef HAVE_INTTYPES_H
| # include <inttypes.h>
| #endif
| #ifdef HAVE_STDINT_H
| # include <stdint.h>
| #endif
| #ifdef HAVE_UNISTD_H
| # include <unistd.h>
| #endif
| #include <readline.h>
configure:11127: result: no
configure:11127: checking readline.h presence
configure:11127: clang -E  conftest.c
conftest.c:48:10: fatal error: 'readline.h' file not found
   48 | #include <readline.h>
      |          ^~~~~~~~~~~~
1 error generated.
configure:11127: $? = 1
configure: failed program was:
| /* confdefs.h */
| #define PACKAGE_NAME "sqlite"
| #define PACKAGE_TARNAME "sqlite"
| #define PACKAGE_VERSION "3.26.0"
| #define PACKAGE_STRING "sqlite 3.26.0"
| #define PACKAGE_BUGREPORT ""
| #define PACKAGE_URL ""
| #define STDC_HEADERS 1
| #define HAVE_SYS_TYPES_H 1
| #define HAVE_SYS_STAT_H 1
| #define HAVE_STDLIB_H 1
| #define HAVE_STRING_H 1
| #define HAVE_MEMORY_H 1
| #define HAVE_STRINGS_H 1
| #define HAVE_INTTYPES_H 1
| #define HAVE_STDINT_H 1
| #define HAVE_UNISTD_H 1
| #define HAVE_DLFCN_H 1
| #define LT_OBJDIR ".libs/"
| #define HAVE_INT8_T 1
| #define HAVE_INT16_T 1
| #define HAVE_INT32_T 1
| #define HAVE_INT64_T 1
| #define HAVE_INTPTR_T 1
| #define HAVE_UINT8_T 1
| #define HAVE_UINT16_T 1
| #define HAVE_UINT32_T 1
| #define HAVE_UINT64_T 1
| #define HAVE_UINTPTR_T 1
| #define HAVE_SYS_TYPES_H 1
| #define HAVE_STDLIB_H 1
| #define HAVE_STDINT_H 1
| #define HAVE_INTTYPES_H 1
| #define HAVE_MALLOC_H 1
| #define HAVE_FDATASYNC 1
| #define HAVE_GMTIME_R 1
| #define HAVE_ISNAN 1
| #define HAVE_LOCALTIME_R 1
| #define HAVE_MALLOC_USABLE_SIZE 1
| #define HAVE_STRCHRNUL 1
| #define HAVE_USLEEP 1
| #define HAVE_UTIME 1
| #define HAVE_PREAD 1
| #define HAVE_PREAD64 1
| #define HAVE_PWRITE 1
| #define HAVE_PWRITE64 1
| /* end confdefs.h.  */
| #include <readline.h>
configure:11127: result: no
configure:11127: checking for readline.h
configure:11127: result: no
configure:11137: checking for /usr/include/readline.h
configure:11151: result: no
configure:11137: checking for /usr/include/readline/readline.h
configure:11151: result: yes
configure:11191: checking for library containing fdatasync
configure:11222: clang -o conftest -g -O2 -DSQLITE_OS_UNIX=1   conftest.c  >&5
configure:11222: $? = 0
configure:11239: result: none required
configure:11278: checking zlib.h usability
configure:11278: clang -c -g -O2 -DSQLITE_OS_UNIX=1  conftest.c >&5
configure:11278: $? = 0
configure:11278: result: yes
configure:11278: checking zlib.h presence
configure:11278: clang -E  conftest.c
configure:11278: $? = 0
configure:11278: result: yes
configure:11278: checking for zlib.h
configure:11278: result: yes
configure:11288: checking for library containing deflate
configure:11319: clang -o conftest -g -O2 -DSQLITE_OS_UNIX=1   conftest.c  >&5
/usr/bin/ld: /tmp/conftest-ddf317.o: in function `main':
/home/unga/Documents/UZH/semester_8_fs2025/AST/Project/ast-group-project/include/sqlite-3.26.0/conftest.c:60:(.text+0x4): undefined reference to `deflate'
clang: error: linker command failed with exit code 1 (use -v to see invocation)
configure:11319: $? = 1
configure: failed program was:
| /* confdefs.h */
| #define PACKAGE_NAME "sqlite"
| #define PACKAGE_TARNAME "sqlite"
| #define PACKAGE_VERSION "3.26.0"
| #define PACKAGE_STRING "sqlite 3.26.0"
| #define PACKAGE_BUGREPORT ""
| #define PACKAGE_URL ""
| #define STDC_HEADERS 1
| #define HAVE_SYS_TYPES_H 1
| #define HAVE_SYS_STAT_H 1
| #define HAVE_STDLIB_H 1
| #define HAVE_STRING_H 1
| #define HAVE_MEMORY_H 1
| #define HAVE_STRINGS_H 1
| #define HAVE_INTTYPES_H 1
| #define HAVE_STDINT_H 1
| #define HAVE_UNISTD_H 1
| #define HAVE_DLFCN_H 1
| #define LT_OBJDIR ".libs/"
| #define HAVE_INT8_T 1
| #define HAVE_INT16_T 1
| #define HAVE_INT32_T 1
| #define HAVE_INT64_T 1
| #define HAVE_INTPTR_T 1
| #define HAVE_UINT8_T 1
| #define HAVE_UINT16_T 1
| #define HAVE_UINT32_T 1
| #define HAVE_UINT64_T 1
| #define HAVE_UINTPTR_T 1
| #define HAVE_SYS_TYPES_H 1
| #define HAVE_STDLIB_H 1
| #define HAVE_STDINT_H 1
| #define HAVE_INTTYPES_H 1
| #define HAVE_MALLOC_H 1
| #define HAVE_FDATASYNC 1
| #define HAVE_GMTIME_R 1
| #define HAVE_ISNAN 1
| #define HAVE_LOCALTIME_R 1
| #define HAVE_MALLOC_USABLE_SIZE 1
| #define HAVE_STRCHRNUL 1
| #define HAVE_USLEEP 1
| #define HAVE_UTIME 1
| #define HAVE_PREAD 1
| #define HAVE_PREAD64 1
| #define HAVE_PWRITE 1
| #define HAVE_PWRITE64 1
| #define HAVE_ZLIB_H 1
| /* end confdefs.h.  */
| 
| /* Override any GCC internal prototype to avoid an error.
|    Use char because int might match the return type of a GCC
|    builtin and then its argument prototype would still apply.  */
| #ifdef __cplusplus
| extern "C"
| #endif
| char deflate ();
| int
| main ()
| {
| return deflate ();
|   ;
|   return 0;
| }
configure:11319: clang -o conftest -g -O2 -DSQLITE_OS_UNIX=1   conftest.c -lz   >&5
configure:11319: $? = 0
configure:11336: result: -lz
configure:11359: checking for library containing dlopen
configure:11390: clang -o conftest -g -O2 -DSQLITE_OS_UNIX=1   conftest.c -lz  >&5
configure:11390: $? = 0
configure:11407: result: none required
configure:11427: checking whether to support MEMSYS5
configure:11434: result: no
configure:11442: checking whether to support MEMSYS3
configure:11449: result: no
configure:11534: checking for library containing log
configure:11565: clang -o conftest -g -O2 -DSQLITE_OS_UNIX=1   conftest.c -lz  >&5
conftest.c:56:6: warning: incompatible redeclaration of library function 'log' [-Wincompatible-library-redeclaration]
   56 | char log ();
      |      ^
conftest.c:56:6: note: 'log' is a builtin with type 'double (double)'
1 warning generated.
/usr/bin/ld: /tmp/conftest-c16360.o: in function `main':
/home/unga/Documents/UZH/semester_8_fs2025/AST/Project/ast-group-project/include/sqlite-3.26.0/conftest.c:60:(.text+0x4): undefined reference to `log'
clang: error: linker command failed with exit code 1 (use -v to see invocation)
configure:11565: $? = 1
configure: failed program was:
| /* confdefs.h */
| #define PACKAGE_NAME "sqlite"
| #define PACKAGE_TARNAME "sqlite"
| #define PACKAGE_VERSION "3.26.0"
| #define PACKAGE_STRING "sqlite 3.26.0"
| #define PACKAGE_BUGREPORT ""
| #define PACKAGE_URL ""
| #define STDC_HEADERS 1
| #define HAVE_SYS_TYPES_H 1
| #define HAVE_SYS_STAT_H 1
| #define HAVE_STDLIB_H 1
| #define HAVE_STRING_H 1
| #define HAVE_MEMORY_H 1
| #define HAVE_STRINGS_H 1
| #define HAVE_INTTYPES_H 1
| #define HAVE_STDINT_H 1
| #define HAVE_UNISTD_H 1
| #define HAVE_DLFCN_H 1
| #define LT_OBJDIR ".libs/"
| #define HAVE_INT8_T 1
| #define HAVE_INT16_T 1
| #define HAVE_INT32_T 1
| #define HAVE_INT64_T 1
| #define HAVE_INTPTR_T 1
| #define HAVE_UINT8_T 1
| #define HAVE_UINT16_T 1
| #define HAVE_UINT32_T 1
| #define HAVE_UINT64_T 1
| #define HAVE_UINTPTR_T 1
| #define HAVE_SYS_TYPES_H 1
| #define HAVE_STDLIB_H 1
| #define HAVE_STDINT_H 1
| #define HAVE_INTTYPES_H 1
| #define HAVE_MALLOC_H 1
| #define HAVE_FDATASYNC 1
| #define HAVE_GMTIME_R 1
| #define HAVE_ISNAN 1
| #define HAVE_LOCALTIME_R 1
| #define HAVE_MALLOC_USABLE_SIZE 1
| #define HAVE_STRCHRNUL 1
| #define HAVE_USLEEP 1
| #define HAVE_UTIME 1
| #define HAVE_PREAD 1
| #define HAVE_PREAD64 1
| #define HAVE_PWRITE 1
| #define HAVE_PWRITE64 1
| #define HAVE_ZLIB_H 1
| /* end confdefs.h.  */
| 
| /* Override any GCC internal prototype to avoid an error.
|    Use char because int might match the return type of a GCC
|    builtin and then its argument prototype would still apply.  */
| #ifdef __cplusplus
| extern "C"
| #endif
| char log ();
| int
| main ()
| {
| return log ();
|   ;
|   return 0;
| }
configure:11565: clang -o conftest -g -O2 -DSQLITE_OS_UNIX=1   conftest.c -lm  -lz  >&5
conftest.c:56:6: warning: incompatible redeclaration of library function 'log' [-Wincompatible-library-redeclaration]
   56 | char log ();
      |      ^
conftest.c:56:6: note: 'log' is a builtin with type 'double (double)'
1 warning generated.
configure:11565: $? = 0
configure:11582: result: -lm
configure:11835: creating ./config.status

## ---------------------- ##
## Running config.status. ##
## ---------------------- ##

This file was extended by sqlite config.status 3.26.0, which was
generated by GNU Autoconf 2.69.  Invocation command line was

  CONFIG_FILES    = 
  CONFIG_HEADERS  = 
  CONFIG_LINKS    = 
  CONFIG_COMMANDS = 
  $ ./config.status 

on bunga

config.status:1088: creating Makefile
config.status:1088: creating sqlite3.pc
config.status:1088: creating config.h
config.status:1263: config.h is unchanged
config.status:1277: executing libtool commands

## ---------------- ##
## Cache variables. ##
## ---------------- ##

ac_cv_build=x86_64-unknown-linux-gnu
ac_cv_c_compiler_gnu=yes
ac_cv_env_CC_set=set
ac_cv_env_CC_value=clang
ac_cv_env_CFLAGS_set=
ac_cv_env_CFLAGS_value=
ac_cv_env_CPPFLAGS_set=
ac_cv_env_CPPFLAGS_value=
ac_cv_env_CPP_set=
ac_cv_env_CPP_value=
ac_cv_env_LDFLAGS_set=
ac_cv_env_LDFLAGS_value=
ac_cv_env_LIBS_set=
ac_cv_env_LIBS_value=
ac_cv_env_TCLLIBDIR_set=
ac_cv_env_TCLLIBDIR_value=
ac_cv_env_build_alias_set=
ac_cv_env_build_alias_value=
ac_cv_env_host_alias_set=
ac_cv_env_host_alias_value=
ac_cv_env_target_alias_set=
ac_cv_env_target_alias_value=
ac_cv_file__usr_include_readline_h=no
ac_cv_file__usr_include_readline_readline_h=yes
ac_cv_func_fdatasync=yes
ac_cv_func_gmtime_r=yes
ac_cv_func_isnan=yes
ac_cv_func_localtime_r=yes
ac_cv_func_localtime_s=no
ac_cv_func_malloc_usable_size=yes
ac_cv_func_pread64=yes
ac_cv_func_pread=yes
ac_cv_func_pwrite64=yes
ac_cv_func_pwrite=yes
ac_cv_func_strchrnul=yes
ac_cv_func_usleep=yes
ac_cv_func_utime=yes
ac_cv_header_dlfcn_h=yes
ac_cv_header_inttypes_h=yes
ac_cv_header_malloc_h=yes
ac_cv_header_memory_h=yes
ac_cv_header_readline_h=no
ac_cv_header_stdc=yes
ac_cv_header_stdint_h=yes
ac_cv_header_stdlib_h=yes
ac_cv_header_string_h=yes
ac_cv_header_strings_h=yes
ac_cv_header_sys_stat_h=yes
ac_cv_header_sys_types_h=yes
ac_cv_header_unistd_h=yes
ac_cv_header_zlib_h=yes
ac_cv_host=x86_64-unknown-linux-gnu
ac_cv_lib_readline_readline=yes
ac_cv_objext=o
ac_cv_path_EGREP='/usr/bin/grep -E'
ac_cv_path_FGREP='/usr/bin/grep -F'
ac_cv_path_GREP=/usr/bin/grep
ac_cv_path_SED=/usr/bin/sed
ac_cv_path_install='/usr/bin/install -c'
ac_cv_prog_CPP='clang -E'
ac_cv_prog_TCLSH_CMD=tclsh8.6
ac_cv_prog_ac_ct_AR=ar
ac_cv_prog_ac_ct_CC=clang
ac_cv_prog_ac_ct_OBJDUMP=objdump
ac_cv_prog_ac_ct_RANLIB=ranlib
ac_cv_prog_ac_ct_STRIP=strip
ac_cv_prog_cc_c89=
ac_cv_prog_cc_g=yes
ac_cv_search_deflate=-lz
ac_cv_search_dlopen='none required'
ac_cv_search_fdatasync='none required'
ac_cv_search_log=-lm
ac_cv_search_pthread_create='none required'
ac_cv_search_pthread_mutexattr_init='none required'
ac_cv_search_readline=no
ac_cv_search_tgetent=-lncurses
ac_cv_sys_file_offset_bits=no
ac_cv_sys_largefile_CC=no
ac_cv_type_int16_t=yes
ac_cv_type_int32_t=yes
ac_cv_type_int64_t=yes
ac_cv_type_int8_t=yes
ac_cv_type_intptr_t=yes
ac_cv_type_uint16_t=yes
ac_cv_type_uint32_t=yes
ac_cv_type_uint64_t=yes
ac_cv_type_uint8_t=yes
ac_cv_type_uintptr_t=yes
lt_cv_deplibs_check_method=pass_all
lt_cv_file_magic_cmd='$MAGIC_CMD'
lt_cv_file_magic_test_file=
lt_cv_ld_reload_flag=-r
lt_cv_nm_interface='BSD nm'
lt_cv_objdir=.libs
lt_cv_path_LD=/usr/bin/ld
lt_cv_path_NM='/usr/bin/nm -B'
lt_cv_prog_compiler_c_o=yes
lt_cv_prog_compiler_pic_works=yes
lt_cv_prog_compiler_rtti_exceptions=yes
lt_cv_prog_compiler_static_works=yes
lt_cv_prog_gnu_ld=yes
lt_cv_sys_global_symbol_pipe='sed -n -e '\''s/^.*[	 ]\([ABCDGIRSTW][ABCDGIRSTW]*\)[	 ][	 ]*\([_A-Za-z][_A-Za-z0-9]*\)$/\1 \2 \2/p'\'''
lt_cv_sys_global_symbol_to_c_name_address='sed -n -e '\''s/^: \([^ ]*\) $/  {\"\1\", (void *) 0},/p'\'' -e '\''s/^[ABCDGIRSTW]* \([^ ]*\) \([^ ]*\)$/  {"\2", (void *) \&\2},/p'\'''
lt_cv_sys_global_symbol_to_c_name_address_lib_prefix='sed -n -e '\''s/^: \([^ ]*\) $/  {\"\1\", (void *) 0},/p'\'' -e '\''s/^[ABCDGIRSTW]* \([^ ]*\) \(lib[^ ]*\)$/  {"\2", (void *) \&\2},/p'\'' -e '\''s/^[ABCDGIRSTW]* \([^ ]*\) \([^ ]*\)$/  {"lib\2", (void *) \&\2},/p'\'''
lt_cv_sys_global_symbol_to_cdecl='sed -n -e '\''s/^T .* \(.*\)$/extern int \1();/p'\'' -e '\''s/^[ABCDGIRSTW]* .* \(.*\)$/extern char \1;/p'\'''
lt_cv_sys_max_cmd_len=1572864

## ----------------- ##
## Output variables. ##
## ----------------- ##

ALLOWRELEASE=''
AR='ar'
BUILD_CC='clang'
BUILD_CFLAGS=' -g -O2'
BUILD_EXEEXT=''
CC='clang'
CFLAGS=' -g -O2 -DSQLITE_OS_UNIX=1'
CPP='clang -E'
CPPFLAGS=''
DEFS='-DHAVE_CONFIG_H'
DSYMUTIL=''
DUMPBIN=''
ECHO_C=''
ECHO_N='-n'
ECHO_T=''
EGREP='/usr/bin/grep -E'
EXEEXT=''
FGREP='/usr/bin/grep -F'
GREP='/usr/bin/grep'
HAVE_TCL=''
HAVE_ZLIB='-DSQLITE_HAVE_ZLIB=1'
INSTALL_DATA='${INSTALL} -m 644'
INSTALL_PROGRAM='${INSTALL}'
INSTALL_SCRIPT='${INSTALL}'
LD='/usr/bin/ld -m elf_x86_64'
LDFLAGS=''
LIBOBJS=''
LIBS='-lm -lz '
LIBTOOL='$(SHELL) $(top_builddir)/libtool'
LIPO=''
LN_S='ln -s'
LTLIBOBJS=''
NM='/usr/bin/nm -B'
NMEDIT=''
OBJDUMP='objdump'
OBJEXT='o'
OPT_FEATURE_FLAGS=' -DSQLITE_ENABLE_FTS5'
OTOOL64=''
OTOOL=''
PACKAGE_BUGREPORT=''
PACKAGE_NAME='sqlite'
PACKAGE_STRING='sqlite 3.26.0'
PACKAGE_TARNAME='sqlite'
PACKAGE_URL=''
PACKAGE_VERSION='3.26.0'
PATH_SEPARATOR=':'
RANLIB='ranlib'
RELEASE='3.26.0'
SED='/usr/bin/sed'
SHELL='/bin/bash'
SQLITE_OS_UNIX='1'
SQLITE_OS_WIN='0'
SQLITE_THREADSAFE='1'
STRIP='strip'
TARGET_DEBUG='-DSQLITE_DEBUG=1 -DSQLITE_ENABLE_SELECTTRACE -DSQLITE_ENABLE_WHERETRACE -O0'
TARGET_EXEEXT=''
TARGET_HAVE_EDITLINE='0'
TARGET_HAVE_READLINE='1'
TARGET_READLINE_INC='-I/usr/include/readline'
TARGET_READLINE_LIBS='-lreadline -lncurses '
TCLLIBDIR='/usr/share/tcltk/tcl8.6/sqlite3'
TCLSH_CMD='tclsh8.6'
TCL_BIN_DIR=''
TCL_INCLUDE_SPEC=''
TCL_LIB_FILE=''
TCL_LIB_FLAG=''
TCL_LIB_SPEC=''
TCL_SHLIB_SUFFIX=''
TCL_SRC_DIR=''
TCL_STUB_LIB_FILE=''
TCL_STUB_LIB_FLAG=''
TCL_STUB_LIB_SPEC=''
TCL_VERSION=''
TEMP_STORE='1'
USE_AMALGAMATION='1'
USE_GCOV='0'
VERSION='3.26'
VERSION_NUMBER='3026000'
ac_ct_CC='clang'
ac_ct_DUMPBIN=''
bindir='${exec_prefix}/bin'
build='x86_64-unknown-linux-gnu'
build_alias=''
build_cpu='x86_64'
build_os='linux-gnu'
build_vendor='unknown'
datadir='${datarootdir}'
datarootdir='${prefix}/share'
docdir='${datarootdir}/doc/${PACKAGE_TARNAME}'
dvidir='${docdir}'
exec_prefix='${prefix}'
host='x86_64-unknown-linux-gnu'
host_alias=''
host_cpu='x86_64'
host_os='linux-gnu'
host_vendor='unknown'
htmldir='${docdir}'
includedir='${prefix}/include'
infodir='${datarootdir}/info'
libdir='${exec_prefix}/lib'
libexecdir='${exec_prefix}/libexec'
localedir='${datarootdir}/locale'
localstatedir='${prefix}/var'
lt_ECHO='echo'
mandir='${datarootdir}/man'
oldincludedir='/usr/include'
pdfdir='${docdir}'
prefix='/usr/local'
program_prefix=''
program_transform_name='s,x,x,'
psdir='${docdir}'
sbindir='${exec_prefix}/sbin'
sharedstatedir='${prefix}/com'
sysconfdir='${prefix}/etc'
target_alias=''

## ----------- ##
## confdefs.h. ##
## ----------- ##

/* confdefs.h */
#define PACKAGE_NAME "sqlite"
#define PACKAGE_TARNAME "sqlite"
#define PACKAGE_VERSION "3.26.0"
#define PACKAGE_STRING "sqlite 3.26.0"
#define PACKAGE_BUGREPORT ""
#define PACKAGE_URL ""
#define STDC_HEADERS 1
#define HAVE_SYS_TYPES_H 1
#define HAVE_SYS_STAT_H 1
#define HAVE_STDLIB_H 1
#define HAVE_STRING_H 1
#define HAVE_MEMORY_H 1
#define HAVE_STRINGS_H 1
#define HAVE_INTTYPES_H 1
#define HAVE_STDINT_H 1
#define HAVE_UNISTD_H 1
#define HAVE_DLFCN_H 1
#define LT_OBJDIR ".libs/"
#define HAVE_INT8_T 1
#define HAVE_INT16_T 1
#define HAVE_INT32_T 1
#define HAVE_INT64_T 1
#define HAVE_INTPTR_T 1
#define HAVE_UINT8_T 1
#define HAVE_UINT16_T 1
#define HAVE_UINT32_T 1
#define HAVE_UINT64_T 1
#define HAVE_UINTPTR_T 1
#define HAVE_SYS_TYPES_H 1
#define HAVE_STDLIB_H 1
#define HAVE_STDINT_H 1
#define HAVE_INTTYPES_H 1
#define HAVE_MALLOC_H 1
#define HAVE_FDATASYNC 1
#define HAVE_GMTIME_R 1
#define HAVE_ISNAN 1
#define HAVE_LOCALTIME_R 1
#define HAVE_MALLOC_USABLE_SIZE 1
#define HAVE_STRCHRNUL 1
#define HAVE_USLEEP 1
#define HAVE_UTIME 1
#define HAVE_PREAD 1
#define HAVE_PREAD64 1
#define HAVE_PWRITE 1
#define HAVE_PWRITE64 1
#define HAVE_ZLIB_H 1

configure: exit 0
